# JRE version: OpenJDK Runtime Environment (8.0_152-b01) (build 1.8.0_152-release-1024-b01)
# Java VM: OpenJDK 64-Bit Server VM (25.152-b01 mixed mode linux-amd64 compressed oops)
Heap:
 PSYoungGen      total 304128K, used 9475K [0x00000000e0000000, 0x00000000f4280000, 0x0000000100000000)
  eden space 283648K, 0% used [0x00000000e0000000,0x00000000e0000000,0x00000000f1500000)
  from space 20480K, 46% used [0x00000000f1a80000,0x00000000f23c0c98,0x00000000f2e80000)
  to   space 17408K, 0% used [0x00000000f3180000,0x00000000f3180000,0x00000000f4280000)
 ParOldGen       total 81408K, used 49770K [0x00000000a0000000, 0x00000000a4f80000, 0x00000000e0000000)
  object space 81408K, 61% used [0x00000000a0000000,0x00000000a309aa40,0x00000000a4f80000)
 Metaspace       used 72104K, capacity 74866K, committed 75096K, reserved 1114112K
  class space    used 9383K, capacity 10036K, committed 10072K, reserved 1048576K
GC Heap History (10 events):
Event: 29.562 GC heap after
Heap after GC invocations=13 (full 2):
 PSYoungGen      total 149504K, used 11236K [0x00000000e0000000, 0x00000000ee600000, 0x0000000100000000)
  eden space 138240K, 0% used [0x00000000e0000000,0x00000000e0000000,0x00000000e8700000)
  from space 11264K, 99% used [0x00000000e8700000,0x00000000e91f9360,0x00000000e9200000)
  to   space 14336K, 0% used [0x00000000ed800000,0x00000000ed800000,0x00000000ee600000)
 ParOldGen       total 44032K, used 19266K [0x00000000a0000000, 0x00000000a2b00000, 0x00000000e0000000)
  object space 44032K, 43% used [0x00000000a0000000,0x00000000a12d0a50,0x00000000a2b00000)
 Metaspace       used 45594K, capacity 46656K, committed 46936K, reserved 1089536K
  class space    used 6282K, capacity 6628K, committed 6744K, reserved 1048576K
}
Event: 34.670 GC heap before
{Heap before GC invocations=14 (full 2):
 PSYoungGen      total 149504K, used 149476K [0x00000000e0000000, 0x00000000ee600000, 0x0000000100000000)
  eden space 138240K, 100% used [0x00000000e0000000,0x00000000e8700000,0x00000000e8700000)
  from space 11264K, 99% used [0x00000000e8700000,0x00000000e91f9360,0x00000000e9200000)
  to   space 14336K, 0% used [0x00000000ed800000,0x00000000ed800000,0x00000000ee600000)
 ParOldGen       total 44032K, used 19266K [0x00000000a0000000, 0x00000000a2b00000, 0x00000000e0000000)
  object space 44032K, 43% used [0x00000000a0000000,0x00000000a12d0a50,0x00000000a2b00000)
 Metaspace       used 53377K, capacity 55146K, committed 55256K, reserved 1097728K
  class space    used 7395K, capacity 7857K, committed 7896K, reserved 1048576K
Event: 34.703 GC heap after
Heap after GC invocations=14 (full 2):
 PSYoungGen      total 218112K, used 13850K [0x00000000e0000000, 0x00000000ee700000, 0x0000000100000000)
  eden space 203776K, 0% used [0x00000000e0000000,0x00000000e0000000,0x00000000ec700000)
  from space 14336K, 96% used [0x00000000ed800000,0x00000000ee586b08,0x00000000ee600000)
  to   space 16384K, 0% used [0x00000000ec700000,0x00000000ec700000,0x00000000ed700000)
 ParOldGen       total 44032K, used 27816K [0x00000000a0000000, 0x00000000a2b00000, 0x00000000e0000000)
  object space 44032K, 63% used [0x00000000a0000000,0x00000000a1b2a288,0x00000000a2b00000)
 Metaspace       used 53377K, capacity 55146K, committed 55256K, reserved 1097728K
  class space    used 7395K, capacity 7857K, committed 7896K, reserved 1048576K
}
Event: 41.679 GC heap before
{Heap before GC invocations=15 (full 2):
 PSYoungGen      total 218112K, used 147107K [0x00000000e0000000, 0x00000000ee700000, 0x0000000100000000)
  eden space 203776K, 65% used [0x00000000e0000000,0x00000000e8222260,0x00000000ec700000)
  from space 14336K, 96% used [0x00000000ed800000,0x00000000ee586b08,0x00000000ee600000)
  to   space 16384K, 0% used [0x00000000ec700000,0x00000000ec700000,0x00000000ed700000)
 ParOldGen       total 44032K, used 27816K [0x00000000a0000000, 0x00000000a2b00000, 0x00000000e0000000)
  object space 44032K, 63% used [0x00000000a0000000,0x00000000a1b2a288,0x00000000a2b00000)
 Metaspace       used 56879K, capacity 58958K, committed 59028K, reserved 1099776K
  class space    used 7796K, capacity 8340K, committed 8408K, reserved 1048576K
Event: 41.715 GC heap after
Heap after GC invocations=15 (full 2):
 PSYoungGen      total 220160K, used 13794K [0x00000000e0000000, 0x00000000f4300000, 0x0000000100000000)
  eden space 203776K, 0% used [0x00000000e0000000,0x00000000e0000000,0x00000000ec700000)
  from space 16384K, 84% used [0x00000000ec700000,0x00000000ed478a30,0x00000000ed700000)
  to   space 17920K, 0% used [0x00000000f3180000,0x00000000f3180000,0x00000000f4300000)
 ParOldGen       total 44032K, used 36580K [0x00000000a0000000, 0x00000000a2b00000, 0x00000000e0000000)
  object space 44032K, 83% used [0x00000000a0000000,0x00000000a23b93e0,0x00000000a2b00000)
 Metaspace       used 56879K, capacity 58958K, committed 59028K, reserved 1099776K
  class space    used 7796K, capacity 8340K, committed 8408K, reserved 1048576K
}
Event: 41.715 GC heap before
{Heap before GC invocations=16 (full 3):
 PSYoungGen      total 220160K, used 13794K [0x00000000e0000000, 0x00000000f4300000, 0x0000000100000000)
  eden space 203776K, 0% used [0x00000000e0000000,0x00000000e0000000,0x00000000ec700000)
  from space 16384K, 84% used [0x00000000ec700000,0x00000000ed478a30,0x00000000ed700000)
  to   space 17920K, 0% used [0x00000000f3180000,0x00000000f3180000,0x00000000f4300000)
 ParOldGen       total 44032K, used 36580K [0x00000000a0000000, 0x00000000a2b00000, 0x00000000e0000000)
  object space 44032K, 83% used [0x00000000a0000000,0x00000000a23b93e0,0x00000000a2b00000)
 Metaspace       used 56879K, capacity 58958K, committed 59028K, reserved 1099776K
  class space    used 7796K, capacity 8340K, committed 8408K, reserved 1048576K
Event: 41.995 GC heap after
Heap after GC invocations=16 (full 3):
 PSYoungGen      total 220160K, used 916K [0x00000000e0000000, 0x00000000f4300000, 0x0000000100000000)
  eden space 203776K, 0% used [0x00000000e0000000,0x00000000e0000000,0x00000000ec700000)
  from space 16384K, 5% used [0x00000000ec700000,0x00000000ec7e5338,0x00000000ed700000)
  to   space 17920K, 0% used [0x00000000f3180000,0x00000000f3180000,0x00000000f4300000)
 ParOldGen       total 81408K, used 43776K [0x00000000a0000000, 0x00000000a4f80000, 0x00000000e0000000)
  object space 81408K, 53% used [0x00000000a0000000,0x00000000a2ac0300,0x00000000a4f80000)
 Metaspace       used 56879K, capacity 58958K, committed 59028K, reserved 1099776K
  class space    used 7796K, capacity 8340K, committed 8408K, reserved 1048576K
}
Event: 731.807 GC heap before
{Heap before GC invocations=17 (full 3):
 PSYoungGen      total 220160K, used 204692K [0x00000000e0000000, 0x00000000f4300000, 0x0000000100000000)
  eden space 203776K, 100% used [0x00000000e0000000,0x00000000ec700000,0x00000000ec700000)
  from space 16384K, 5% used [0x00000000ec700000,0x00000000ec7e5338,0x00000000ed700000)
  to   space 17920K, 0% used [0x00000000f3180000,0x00000000f3180000,0x00000000f4300000)
 ParOldGen       total 81408K, used 43776K [0x00000000a0000000, 0x00000000a4f80000, 0x00000000e0000000)
  object space 81408K, 53% used [0x00000000a0000000,0x00000000a2ac0300,0x00000000a4f80000)
 Metaspace       used 66682K, capacity 69174K, committed 69464K, reserved 1110016K
  class space    used 8852K, capacity 9472K, committed 9560K, reserved 1048576K
Event: 732.077 GC heap after
Heap after GC invocations=17 (full 3):
 PSYoungGen      total 301056K, used 17294K [0x00000000e0000000, 0x00000000f4280000, 0x0000000100000000)
  eden space 283648K, 0% used [0x00000000e0000000,0x00000000e0000000,0x00000000f1500000)
  from space 17408K, 99% used [0x00000000f3180000,0x00000000f42639a0,0x00000000f4280000)
  to   space 20480K, 0% used [0x00000000f1a80000,0x00000000f1a80000,0x00000000f2e80000)
 ParOldGen       total 81408K, used 43784K [0x00000000a0000000, 0x00000000a4f80000, 0x00000000e0000000)
  object space 81408K, 53% used [0x00000000a0000000,0x00000000a2ac2300,0x00000000a4f80000)
 Metaspace       used 66682K, capacity 69174K, committed 69464K, reserved 1110016K
  class space    used 8852K, capacity 9472K, committed 9560K, reserved 1048576K
}
Event: 799.879 GC heap before
{Heap before GC invocations=18 (full 3):
 PSYoungGen      total 301056K, used 300942K [0x00000000e0000000, 0x00000000f4280000, 0x0000000100000000)
  eden space 283648K, 100% used [0x00000000e0000000,0x00000000f1500000,0x00000000f1500000)
  from space 17408K, 99% used [0x00000000f3180000,0x00000000f42639a0,0x00000000f4280000)
  to   space 20480K, 0% used [0x00000000f1a80000,0x00000000f1a80000,0x00000000f2e80000)
 ParOldGen       total 81408K, used 43784K [0x00000000a0000000, 0x00000000a4f80000, 0x00000000e0000000)
  object space 81408K, 53% used [0x00000000a0000000,0x00000000a2ac2300,0x00000000a4f80000)
 Metaspace       used 72104K, capacity 74866K, committed 75096K, reserved 1114112K
  class space    used 9383K, capacity 10036K, committed 10072K, reserved 1048576K

