# JRE version: OpenJDK Runtime Environment (8.0_152-b01) (build 1.8.0_152-release-1024-b01)
# Java VM: OpenJDK 64-Bit Server VM (25.152-b01 mixed mode linux-amd64 compressed oops)
Heap:
 PSYoungGen      total 307712K, used 6982K [0x00000000e0000000, 0x00000000f5180000, 0x0000000100000000)
  eden space 270848K, 0% used [0x00000000e0000000,0x00000000e0000000,0x00000000f0880000)
  from space 36864K, 18% used [0x00000000f0880000,0x00000000f0f51b38,0x00000000f2c80000)
  to   space 35328K, 0% used [0x00000000f2c80000,0x00000000f2c80000,0x00000000f4f00000)
 ParOldGen       total 104960K, used 69570K [0x00000000a0000000, 0x00000000a6680000, 0x00000000e0000000)
  object space 104960K, 66% used [0x00000000a0000000,0x00000000a43f0870,0x00000000a6680000)
 Metaspace       used 83695K, capacity 89460K, committed 89560K, reserved 1126400K
  class space    used 10852K, capacity 11919K, committed 11992K, reserved 1048576K
GC Heap History (10 events):
Event: 2619.177 GC heap after
Heap after GC invocations=21 (full 3):
 PSYoungGen      total 196608K, used 21984K [0x00000000e0000000, 0x00000000edd80000, 0x0000000100000000)
  eden space 174592K, 0% used [0x00000000e0000000,0x00000000e0000000,0x00000000eaa80000)
  from space 22016K, 99% used [0x00000000ec780000,0x00000000edcf8160,0x00000000edd00000)
  to   space 26112K, 0% used [0x00000000eaa80000,0x00000000eaa80000,0x00000000ec400000)
 ParOldGen       total 104960K, used 47164K [0x00000000a0000000, 0x00000000a6680000, 0x00000000e0000000)
  object space 104960K, 44% used [0x00000000a0000000,0x00000000a2e0f2e8,0x00000000a6680000)
 Metaspace       used 73879K, capacity 78770K, committed 78936K, reserved 1118208K
  class space    used 9606K, capacity 10572K, committed 10584K, reserved 1048576K
}
Event: 2619.228 GC heap before
{Heap before GC invocations=22 (full 3):
 PSYoungGen      total 196608K, used 195899K [0x00000000e0000000, 0x00000000edd80000, 0x0000000100000000)
  eden space 174592K, 99% used [0x00000000e0000000,0x00000000ea9d6dd8,0x00000000eaa80000)
  from space 22016K, 99% used [0x00000000ec780000,0x00000000edcf8160,0x00000000edd00000)
  to   space 26112K, 0% used [0x00000000eaa80000,0x00000000eaa80000,0x00000000ec400000)
 ParOldGen       total 104960K, used 47164K [0x00000000a0000000, 0x00000000a6680000, 0x00000000e0000000)
  object space 104960K, 44% used [0x00000000a0000000,0x00000000a2e0f2e8,0x00000000a6680000)
 Metaspace       used 73884K, capacity 78770K, committed 78936K, reserved 1118208K
  class space    used 9606K, capacity 10572K, committed 10584K, reserved 1048576K
Event: 2619.249 GC heap after
Heap after GC invocations=22 (full 3):
 PSYoungGen      total 200704K, used 21452K [0x00000000e0000000, 0x00000000f0f80000, 0x0000000100000000)
  eden space 174592K, 0% used [0x00000000e0000000,0x00000000e0000000,0x00000000eaa80000)
  from space 26112K, 82% used [0x00000000eaa80000,0x00000000ebf73150,0x00000000ec400000)
  to   space 27648K, 0% used [0x00000000ef480000,0x00000000ef480000,0x00000000f0f80000)
 ParOldGen       total 104960K, used 47172K [0x00000000a0000000, 0x00000000a6680000, 0x00000000e0000000)
  object space 104960K, 44% used [0x00000000a0000000,0x00000000a2e112e8,0x00000000a6680000)
 Metaspace       used 73884K, capacity 78770K, committed 78936K, reserved 1118208K
  class space    used 9606K, capacity 10572K, committed 10584K, reserved 1048576K
}
Event: 2622.639 GC heap before
{Heap before GC invocations=23 (full 3):
 PSYoungGen      total 200704K, used 196044K [0x00000000e0000000, 0x00000000f0f80000, 0x0000000100000000)
  eden space 174592K, 100% used [0x00000000e0000000,0x00000000eaa80000,0x00000000eaa80000)
  from space 26112K, 82% used [0x00000000eaa80000,0x00000000ebf73150,0x00000000ec400000)
  to   space 27648K, 0% used [0x00000000ef480000,0x00000000ef480000,0x00000000f0f80000)
 ParOldGen       total 104960K, used 47172K [0x00000000a0000000, 0x00000000a6680000, 0x00000000e0000000)
  object space 104960K, 44% used [0x00000000a0000000,0x00000000a2e112e8,0x00000000a6680000)
 Metaspace       used 75154K, capacity 80224K, committed 80472K, reserved 1118208K
  class space    used 9785K, capacity 10779K, committed 10840K, reserved 1048576K
Event: 2622.707 GC heap after
Heap after GC invocations=23 (full 3):
 PSYoungGen      total 247296K, used 20512K [0x00000000e0000000, 0x00000000f0f80000, 0x0000000100000000)
  eden space 219648K, 0% used [0x00000000e0000000,0x00000000e0000000,0x00000000ed680000)
  from space 27648K, 74% used [0x00000000ef480000,0x00000000f0888210,0x00000000f0f80000)
  to   space 29184K, 0% used [0x00000000ed680000,0x00000000ed680000,0x00000000ef300000)
 ParOldGen       total 104960K, used 49929K [0x00000000a0000000, 0x00000000a6680000, 0x00000000e0000000)
  object space 104960K, 47% used [0x00000000a0000000,0x00000000a30c2458,0x00000000a6680000)
 Metaspace       used 75154K, capacity 80224K, committed 80472K, reserved 1118208K
  class space    used 9785K, capacity 10779K, committed 10840K, reserved 1048576K
}
Event: 2627.907 GC heap before
{Heap before GC invocations=24 (full 3):
 PSYoungGen      total 247296K, used 240160K [0x00000000e0000000, 0x00000000f0f80000, 0x0000000100000000)
  eden space 219648K, 100% used [0x00000000e0000000,0x00000000ed680000,0x00000000ed680000)
  from space 27648K, 74% used [0x00000000ef480000,0x00000000f0888210,0x00000000f0f80000)
  to   space 29184K, 0% used [0x00000000ed680000,0x00000000ed680000,0x00000000ef300000)
 ParOldGen       total 104960K, used 49929K [0x00000000a0000000, 0x00000000a6680000, 0x00000000e0000000)
  object space 104960K, 47% used [0x00000000a0000000,0x00000000a30c2458,0x00000000a6680000)
 Metaspace       used 82256K, capacity 87752K, committed 87896K, reserved 1126400K
  class space    used 10721K, capacity 11781K, committed 11864K, reserved 1048576K
Event: 2628.024 GC heap after
Heap after GC invocations=24 (full 3):
 PSYoungGen      total 248832K, used 29166K [0x00000000e0000000, 0x00000000f4f00000, 0x0000000100000000)
  eden space 219648K, 0% used [0x00000000e0000000,0x00000000e0000000,0x00000000ed680000)
  from space 29184K, 99% used [0x00000000ed680000,0x00000000ef2fba40,0x00000000ef300000)
  to   space 35328K, 0% used [0x00000000f2c80000,0x00000000f2c80000,0x00000000f4f00000)
 ParOldGen       total 104960K, used 55336K [0x00000000a0000000, 0x00000000a6680000, 0x00000000e0000000)
  object space 104960K, 52% used [0x00000000a0000000,0x00000000a360a158,0x00000000a6680000)
 Metaspace       used 82256K, capacity 87752K, committed 87896K, reserved 1126400K
  class space    used 10721K, capacity 11781K, committed 11864K, reserved 1048576K
}
Event: 2629.561 GC heap before
{Heap before GC invocations=25 (full 3):
 PSYoungGen      total 248832K, used 248814K [0x00000000e0000000, 0x00000000f4f00000, 0x0000000100000000)
  eden space 219648K, 100% used [0x00000000e0000000,0x00000000ed680000,0x00000000ed680000)
  from space 29184K, 99% used [0x00000000ed680000,0x00000000ef2fba40,0x00000000ef300000)
  to   space 35328K, 0% used [0x00000000f2c80000,0x00000000f2c80000,0x00000000f4f00000)
 ParOldGen       total 104960K, used 55336K [0x00000000a0000000, 0x00000000a6680000, 0x00000000e0000000)
  object space 104960K, 52% used [0x00000000a0000000,0x00000000a360a158,0x00000000a6680000)
 Metaspace       used 82517K, capacity 88012K, committed 88152K, reserved 1126400K
  class space    used 10733K, capacity 11781K, committed 11864K, reserved 1048576K
Event: 2629.633 GC heap after
Heap after GC invocations=25 (full 3):
 PSYoungGen      total 306176K, used 26388K [0x00000000e0000000, 0x00000000f5180000, 0x0000000100000000)
  eden space 270848K, 0% used [0x00000000e0000000,0x00000000e0000000,0x00000000f0880000)
  from space 35328K, 74% used [0x00000000f2c80000,0x00000000f46450a8,0x00000000f4f00000)
  to   space 36864K, 0% used [0x00000000f0880000,0x00000000f0880000,0x00000000f2c80000)
 ParOldGen       total 104960K, used 55704K [0x00000000a0000000, 0x00000000a6680000, 0x00000000e0000000)
  object space 104960K, 53% used [0x00000000a0000000,0x00000000a3666178,0x00000000a6680000)
 Metaspace       used 82517K, capacity 88012K, committed 88152K, reserved 1126400K
  class space    used 10733K, capacity 11781K, committed 11864K, reserved 1048576K
}
Event: 2632.159 GC heap before
{Heap before GC invocations=26 (full 3):
 PSYoungGen      total 306176K, used 297236K [0x00000000e0000000, 0x00000000f5180000, 0x0000000100000000)
  eden space 270848K, 100% used [0x00000000e0000000,0x00000000f0880000,0x00000000f0880000)
  from space 35328K, 74% used [0x00000000f2c80000,0x00000000f46450a8,0x00000000f4f00000)
  to   space 36864K, 0% used [0x00000000f0880000,0x00000000f0880000,0x00000000f2c80000)
 ParOldGen       total 104960K, used 55704K [0x00000000a0000000, 0x00000000a6680000, 0x00000000e0000000)
  object space 104960K, 53% used [0x00000000a0000000,0x00000000a3666178,0x00000000a6680000)
 Metaspace       used 83695K, capacity 89460K, committed 89560K, reserved 1126400K
  class space    used 10852K, capacity 11919K, committed 11992K, reserved 1048576K

